
> petrolpulze-x-frontend@1.0.0 build
> vite build

[36mvite v5.4.21 [32mbuilding for production...[36m[39m
transforming...
[32mΓ£ô[39m 112 modules transformed.
node.exe : [31mx[39m Build failed in 1.16s
At line:1 char:1
+ & "C:\Program Files\nodejs/node.exe" 
"C:\Users\linus\AppData\Roaming\ ...
+ ~~~~~~~~~~~~~~~~~~~~~~~~~~~~~~~~~~~~~~~~~~~~
~~~~~~~~~~~~~~~~~~~~~~~~~
    + CategoryInfo          : NotSpecified: ( 
   [31mx[39m Build failed in 1.16s:String)  
   [], RemoteException
    + FullyQualifiedErrorId : NativeCommandEr 
   ror
 
[31merror during build:
[31msrc/components/map/MapView.jsx (4:17): 
"aiApi" is not exported by 
"src/services/api.js", imported by 
"src/components/map/MapView.jsx".[31m
file: [36mC:/Users/linus/Downloads/New 
folder (3)/petrolpulze-x-light/frontend/src/co
mponents/map/MapView.jsx:4:17[31m
[33m
2: import mapboxgl from 'mapbox-gl';
3: import { useMapStore } from '../../store';
4: import { mapApi, aiApi } from 
'../../services/api';
                    ^
5: 
6: mapboxgl.accessToken = 
import.meta.env.VITE_MAPBOX_ACCESS_TOKEN;
[31m
    at getRollupError (file:///C:/Users/linus/
Downloads/New%20folder%20(3)/petrolpulze-x-lig
ht/frontend/node_modules/rollup/dist/es/shared
/parseAst.js:402:41)
    at error (file:///C:/Users/linus/Downloads
/New%20folder%20(3)/petrolpulze-x-light/fronte
nd/node_modules/rollup/dist/es/shared/parseAst
.js:398:42)
    at Module.error (file:///C:/Users/linus/Do
wnloads/New%20folder%20(3)/petrolpulze-x-light
/frontend/node_modules/rollup/dist/es/shared/n
ode-entry.js:17040:16)
    at Module.traceVariable (file:///C:/Users/
linus/Downloads/New%20folder%20(3)/petrolpulze
-x-light/frontend/node_modules/rollup/dist/es/
shared/node-entry.js:17452:29)
    at ModuleScope.findVariable (file:///C:/Us
ers/linus/Downloads/New%20folder%20(3)/petrolp
ulze-x-light/frontend/node_modules/rollup/dist
/es/shared/node-entry.js:15070:39)
    at FunctionScope.findVariable (file:///C:/
Users/linus/Downloads/New%20folder%20(3)/petro
lpulze-x-light/frontend/node_modules/rollup/di
st/es/shared/node-entry.js:5673:38)
    at FunctionBodyScope.findVariable (file://
/C:/Users/linus/Downloads/New%20folder%20(3)/p
etrolpulze-x-light/frontend/node_modules/rollu
p/dist/es/shared/node-entry.js:5673:38)
    at ReturnValueScope.findVariable (file:///
C:/Users/linus/Downloads/New%20folder%20(3)/pe
trolpulze-x-light/frontend/node_modules/rollup
/dist/es/shared/node-entry.js:5673:38)
    at FunctionBodyScope.findVariable (file://
/C:/Users/linus/Downloads/New%20folder%20(3)/p
etrolpulze-x-light/frontend/node_modules/rollu
p/dist/es/shared/node-entry.js:5673:38)
    at BlockScope.findVariable (file:///C:/Use
rs/linus/Downloads/New%20folder%20(3)/petrolpu
lze-x-light/frontend/node_modules/rollup/dist/
es/shared/node-entry.js:5673:38)[39m
